2025-07-07 15:38:44 [main] INFO com.ui.listeners.TestListener Test Suite Started
2025-07-07 15:38:44 [TestNG-test-UI Automation Test-1] INFO com.ui.tests.LoginTest Load the Homepage of the website
2025-07-07 15:38:44 [TestNG-test-UI Automation Test-3] INFO com.ui.tests.LoginTest Load the Homepage of the website
2025-07-07 15:38:45 [TestNG-test-UI Automation Test-2] INFO com.ui.tests.LoginTest Load the Homepage of the website
2025-07-07 15:38:49 [TestNG-test-UI Automation Test-3] INFO com.ui.listeners.TestListener loginTest
2025-07-07 15:38:49 [TestNG-test-UI Automation Test-3] INFO com.ui.listeners.TestListener Verifies with the valid user is able to login into the application
2025-07-07 15:38:49 [TestNG-test-UI Automation Test-3] INFO com.ui.listeners.TestListener [e2e, sanity]
2025-07-07 15:38:49 [TestNG-test-UI Automation Test-2] INFO com.ui.listeners.TestListener loginExcelTest
2025-07-07 15:38:49 [TestNG-test-UI Automation Test-2] INFO com.ui.listeners.TestListener Verifies with the valid user is able to login into the application
2025-07-07 15:38:49 [TestNG-test-UI Automation Test-2] INFO com.ui.listeners.TestListener [e2e, sanity]
2025-07-07 15:38:49 [TestNG-test-UI Automation Test-1] INFO com.ui.listeners.TestListener loginCSVTest
2025-07-07 15:38:49 [TestNG-test-UI Automation Test-1] INFO com.ui.listeners.TestListener Verifies with the valid user is able to login into the application
2025-07-07 15:38:49 [TestNG-test-UI Automation Test-1] INFO com.ui.listeners.TestListener [e2e, sanity]
2025-07-07 15:38:50 [TestNG-test-UI Automation Test-1] ERROR com.ui.listeners.TestListener loginCSVTest FAILED
2025-07-07 15:38:50 [TestNG-test-UI Automation Test-3] ERROR com.ui.listeners.TestListener loginTest FAILED
2025-07-07 15:38:50 [TestNG-test-UI Automation Test-3] ERROR com.ui.listeners.TestListener no such element: Unable to locate element: {"method":"xpath","selector":"//a[@title="View my customer account"]/span"}
  (Session info: chrome=138.0.7204.96)
For documentation on this error, please visit: https://www.selenium.dev/documentation/webdriver/troubleshooting/errors#no-such-element-exception
Build info: version: '4.32.0', revision: 'd17c8aa950'
System info: os.name: 'Windows 11', os.arch: 'amd64', os.version: '10.0', java.version: '11.0.23'
Driver info: org.openqa.selenium.chrome.ChromeDriver
Command: [906e56faecf2f9767ff6d5d4b7e13ad0, findElement {value=//a[@title="View my customer account"]/span, using=xpath}]
Capabilities {acceptInsecureCerts: false, browserName: chrome, browserVersion: 138.0.7204.96, chrome: {chromedriverVersion: 138.0.7204.92 (f079b9bc781e..., userDataDir: C:\Users\Fardeen\AppData\Lo...}, fedcm:accounts: true, goog:chromeOptions: {debuggerAddress: localhost:54853}, networkConnectionEnabled: false, pageLoadStrategy: normal, platformName: windows, proxy: Proxy(), se:cdp: ws://localhost:54853/devtoo..., se:cdpVersion: 138.0.7204.96, setWindowRect: true, strictFileInteractability: false, timeouts: {implicit: 0, pageLoad: 300000, script: 30000}, unhandledPromptBehavior: dismiss and notify, webauthn:extension:credBlob: true, webauthn:extension:largeBlob: true, webauthn:extension:minPinLength: true, webauthn:extension:prf: true, webauthn:virtualAuthenticators: true}
Session ID: 906e56faecf2f9767ff6d5d4b7e13ad0
2025-07-07 15:38:50 [TestNG-test-UI Automation Test-1] ERROR com.ui.listeners.TestListener no such element: Unable to locate element: {"method":"xpath","selector":"//a[@title="View my customer account"]/span"}
  (Session info: chrome=138.0.7204.96)
For documentation on this error, please visit: https://www.selenium.dev/documentation/webdriver/troubleshooting/errors#no-such-element-exception
Build info: version: '4.32.0', revision: 'd17c8aa950'
System info: os.name: 'Windows 11', os.arch: 'amd64', os.version: '10.0', java.version: '11.0.23'
Driver info: org.openqa.selenium.chrome.ChromeDriver
Command: [9c0024f3861225fb3f7b6aa699c4ccda, findElement {value=//a[@title="View my customer account"]/span, using=xpath}]
Capabilities {acceptInsecureCerts: false, browserName: chrome, browserVersion: 138.0.7204.96, chrome: {chromedriverVersion: 138.0.7204.92 (f079b9bc781e..., userDataDir: C:\Users\Fardeen\AppData\Lo...}, fedcm:accounts: true, goog:chromeOptions: {debuggerAddress: localhost:54854}, networkConnectionEnabled: false, pageLoadStrategy: normal, platformName: windows, proxy: Proxy(), se:cdp: ws://localhost:54854/devtoo..., se:cdpVersion: 138.0.7204.96, setWindowRect: true, strictFileInteractability: false, timeouts: {implicit: 0, pageLoad: 300000, script: 30000}, unhandledPromptBehavior: dismiss and notify, webauthn:extension:credBlob: true, webauthn:extension:largeBlob: true, webauthn:extension:minPinLength: true, webauthn:extension:prf: true, webauthn:virtualAuthenticators: true}
Session ID: 9c0024f3861225fb3f7b6aa699c4ccda
2025-07-07 15:38:50 [TestNG-test-UI Automation Test-1] INFO com.ui.listeners.TestListener Capturing ScreenShot for the failed tests
2025-07-07 15:38:50 [TestNG-test-UI Automation Test-3] INFO com.ui.listeners.TestListener Capturing ScreenShot for the failed tests
2025-07-07 15:38:51 [TestNG-test-UI Automation Test-3] INFO com.ui.listeners.TestListener Attaching the Screenshot to the HTML File
2025-07-07 15:38:51 [TestNG-test-UI Automation Test-1] INFO com.ui.listeners.TestListener Attaching the Screenshot to the HTML File
2025-07-07 15:38:51 [TestNG-test-UI Automation Test-2] WARN com.ui.listeners.TestListener loginExcelTest SKIPPED
2025-07-07 15:38:51 [TestNG-test-UI Automation Test-1] INFO com.ui.tests.LoginTest Load the Homepage of the website
2025-07-07 15:38:51 [TestNG-test-UI Automation Test-3] INFO com.ui.tests.LoginTest Load the Homepage of the website
2025-07-07 15:38:51 [TestNG-test-UI Automation Test-2] INFO com.ui.tests.LoginTest Load the Homepage of the website
2025-07-07 15:38:56 [TestNG-test-UI Automation Test-2] INFO com.ui.listeners.TestListener loginExcelTest
2025-07-07 15:38:56 [TestNG-test-UI Automation Test-2] INFO com.ui.listeners.TestListener Verifies with the valid user is able to login into the application
2025-07-07 15:38:56 [TestNG-test-UI Automation Test-2] INFO com.ui.listeners.TestListener [e2e, sanity]
2025-07-07 15:38:56 [TestNG-test-UI Automation Test-3] INFO com.ui.listeners.TestListener loginTest
2025-07-07 15:38:56 [TestNG-test-UI Automation Test-3] INFO com.ui.listeners.TestListener Verifies with the valid user is able to login into the application
2025-07-07 15:38:56 [TestNG-test-UI Automation Test-3] INFO com.ui.listeners.TestListener [e2e, sanity]
2025-07-07 15:38:57 [TestNG-test-UI Automation Test-1] INFO com.ui.listeners.TestListener loginCSVTest
2025-07-07 15:38:57 [TestNG-test-UI Automation Test-1] INFO com.ui.listeners.TestListener Verifies with the valid user is able to login into the application
2025-07-07 15:38:57 [TestNG-test-UI Automation Test-1] INFO com.ui.listeners.TestListener [e2e, sanity]
2025-07-07 15:38:58 [TestNG-test-UI Automation Test-2] WARN com.ui.listeners.TestListener loginExcelTest SKIPPED
2025-07-07 15:38:58 [TestNG-test-UI Automation Test-3] INFO com.ui.listeners.TestListener loginTest PASSED
2025-07-07 15:38:58 [TestNG-test-UI Automation Test-2] INFO com.ui.tests.LoginTest Load the Homepage of the website
2025-07-07 15:38:59 [TestNG-test-UI Automation Test-1] INFO com.ui.listeners.TestListener loginCSVTest PASSED
2025-07-07 15:39:03 [TestNG-test-UI Automation Test-2] INFO com.ui.listeners.TestListener loginExcelTest
2025-07-07 15:39:03 [TestNG-test-UI Automation Test-2] INFO com.ui.listeners.TestListener Verifies with the valid user is able to login into the application
2025-07-07 15:39:03 [TestNG-test-UI Automation Test-2] INFO com.ui.listeners.TestListener [e2e, sanity]
2025-07-07 15:39:05 [TestNG-test-UI Automation Test-2] WARN com.ui.listeners.TestListener loginExcelTest SKIPPED
2025-07-07 15:39:05 [TestNG-test-UI Automation Test-2] INFO com.ui.tests.LoginTest Load the Homepage of the website
2025-07-07 15:39:10 [TestNG-test-UI Automation Test-2] INFO com.ui.listeners.TestListener loginExcelTest
2025-07-07 15:39:10 [TestNG-test-UI Automation Test-2] INFO com.ui.listeners.TestListener Verifies with the valid user is able to login into the application
2025-07-07 15:39:10 [TestNG-test-UI Automation Test-2] INFO com.ui.listeners.TestListener [e2e, sanity]
2025-07-07 15:39:12 [TestNG-test-UI Automation Test-2] ERROR com.ui.listeners.TestListener loginExcelTest FAILED
2025-07-07 15:39:12 [TestNG-test-UI Automation Test-2] ERROR com.ui.listeners.TestListener expected [Jatin Sharma1] but found [Jatin Sharma]
2025-07-07 15:39:12 [TestNG-test-UI Automation Test-2] INFO com.ui.listeners.TestListener Capturing ScreenShot for the failed tests
2025-07-07 15:39:12 [TestNG-test-UI Automation Test-2] INFO com.ui.listeners.TestListener Attaching the Screenshot to the HTML File
2025-07-07 15:39:12 [main] INFO com.ui.listeners.TestListener Test Suite finished
